<?xml version="1.0" encoding="UTF-8"?>
<!-- Generated by org.testng.reporters.JUnitXMLReporter -->
<testsuite hostname="DESKTOP-RG04IRQ" ignored="0" name="Surefire test" tests="4" failures="0" timestamp="2024-07-30T14:40:20 IST" time="63.293" errors="0">
  <testcase name="launch" time="38.504" classname="demo.AppleTest"/>
  <testcase name="launch" time="5.663" classname="demo.FlipkartTest"/>
  <testcase name="login" time="0.002" classname="demo.SampleTest"/>
  <testcase name="launch" time="19.011" classname="demo.WiproTest"/>
</testsuite> <!-- Surefire test -->
